#
# There is insufficient memory for the Java Runtime Environment to continue.
# Native memory allocation (malloc) failed to allocate 1048576 bytes for AllocateHeap
# Possible reasons:
#   The system is out of physical RAM or swap space
#   In 32 bit mode, the process size limit was hit
# Possible solutions:
#   Reduce memory load on the system
#   Increase physical memory or swap space
#   Check if swap backing store is full
#   Use 64 bit Java on a 64 bit OS
#   Decrease Java heap size (-Xmx/-Xms)
#   Decrease number of Java threads
#   Decrease Java thread stack sizes (-Xss)
#   Set larger code cache with -XX:ReservedCodeCacheSize=
# This output file may be truncated or incomplete.
#
#  Out of Memory Error (memory/allocation.inline.hpp:61), pid=11940, tid=0x0000000000001cd4
#
# JRE version:  (8.0_172-b11) (build )
# Java VM: Java HotSpot(TM) 64-Bit Server VM (25.172-b11 mixed mode windows-amd64 compressed oops)
# Failed to write core dump. Minidumps are not enabled by default on client versions of Windows
#

---------------  T H R E A D  ---------------

Current thread (0x0000000002b43800):  JavaThread "Unknown thread" [_thread_in_vm, id=7380, stack(0x0000000002a40000,0x0000000002b40000)]

Stack: [0x0000000002a40000,0x0000000002b40000]
[error occurred during error reporting (printing stack bounds), id 0xc0000005]

Native frames: (J=compiled Java code, j=interpreted, Vv=VM code, C=native code)


---------------  P R O C E S S  ---------------

Java Threads: ( => current thread )

Other Threads:

=>0x0000000002b43800 (exited) JavaThread "Unknown thread" [_thread_in_vm, id=7380, stack(0x0000000002a40000,0x0000000002b40000)]

VM state:not at safepoint (normal execution)

VM Mutex/Monitor currently owned by a thread: None

Heap:
 PSYoungGen      total 38400K, used 665K [0x00000000d5980000, 0x00000000d8400000, 0x0000000100000000)
  eden space 33280K, 2% used [0x00000000d5980000,0x00000000d5a26670,0x00000000d7a00000)
  from space 5120K, 0% used [0x00000000d7f00000,0x00000000d7f00000,0x00000000d8400000)
  to   space 5120K, 0% used [0x00000000d7a00000,0x00000000d7a00000,0x00000000d7f00000)
 ParOldGen       total 87552K, used 0K [0x0000000080c00000, 0x0000000086180000, 0x00000000d5980000)
  object space 87552K, 0% used [0x0000000080c00000,0x0000000080c00000,0x0000000086180000)
 Metaspace       used 751K, capacity 4480K, committed 4480K, reserved 1056768K
  class space    used 76K, capacity 384K, committed 384K, reserved 1048576K

Card table byte_map: [0x0000000012000000,0x0000000012400000] byte_map_base: 0x0000000011bfa000

Marking Bits: (ParMarkBitMap*) 0x00000000599e3c10
 Begin Bits: [0x0000000012eb0000, 0x0000000014e80000)
 End Bits:   [0x0000000014e80000, 0x0000000016e50000)

Polling page: 0x0000000001240000

CodeCache: size=245760Kb used=328Kb max_used=328Kb free=245431Kb
 bounds [0x0000000002c40000, 0x0000000002eb0000, 0x0000000011c40000]
 total_blobs=58 nmethods=0 adapters=38
 compilation: enabled

Compilation events (0 events):
No events

GC Heap History (0 events):
No events

Deoptimization events (0 events):
No events

Classes redefined (0 events):
No events

Internal exceptions (0 events):
No events

Events (10 events):
Event: 0.033 loading class java/lang/Short
Event: 0.033 loading class java/lang/Short done
Event: 0.033 loading class java/lang/Integer
Event: 0.033 loading class java/lang/Integer done
Event: 0.033 loading class java/lang/Long
Event: 0.033 loading class java/lang/Long done
Event: 0.034 loading class java/lang/NullPointerException
Event: 0.034 loading class java/lang/NullPointerException done
Event: 0.034 loading class java/lang/ArithmeticException
Event: 0.034 loading class java/lang/ArithmeticException done


Dynamic libraries:
0x00007ff64f580000 - 0x00007ff64f5b7000 	C:\Program Files\Java\jre1.8.0_172\bin\javaw.exe
0x00007ffe10200000 - 0x00007ffe103e1000 	C:\WINDOWS\SYSTEM32\ntdll.dll
0x00007ffde0110000 - 0x00007ffde0144000 	C:\Program Files\AVAST Software\Avast\x64\aswhooka.dll
0x00007ffe0dfa0000 - 0x00007ffe0e052000 	C:\WINDOWS\System32\KERNEL32.DLL
0x00007ffe0ced0000 - 0x00007ffe0d143000 	C:\WINDOWS\System32\KERNELBASE.dll
0x00007ffe0e0d0000 - 0x00007ffe0e171000 	C:\WINDOWS\System32\ADVAPI32.dll
0x00007ffe0d6a0000 - 0x00007ffe0d73e000 	C:\WINDOWS\System32\msvcrt.dll
0x00007ffe10170000 - 0x00007ffe101cb000 	C:\WINDOWS\System32\sechost.dll
0x00007ffe0fb10000 - 0x00007ffe0fc34000 	C:\WINDOWS\System32\RPCRT4.dll
0x00007ffe0ffe0000 - 0x00007ffe10170000 	C:\WINDOWS\System32\USER32.dll
0x00007ffe0d3b0000 - 0x00007ffe0d3d0000 	C:\WINDOWS\System32\win32u.dll
0x00007ffe0e3e0000 - 0x00007ffe0e408000 	C:\WINDOWS\System32\GDI32.dll
0x00007ffe0d470000 - 0x00007ffe0d602000 	C:\WINDOWS\System32\gdi32full.dll
0x00007ffe0d3d0000 - 0x00007ffe0d46f000 	C:\WINDOWS\System32\msvcp_win.dll
0x00007ffe0d2b0000 - 0x00007ffe0d3aa000 	C:\WINDOWS\System32\ucrtbase.dll
0x00007ffdfbd60000 - 0x00007ffdfbfc9000 	C:\WINDOWS\WinSxS\amd64_microsoft.windows.common-controls_6595b64144ccf1df_6.0.17134.165_none_fb429645306569ac\COMCTL32.dll
0x00007ffe0fcb0000 - 0x00007ffe0ffd3000 	C:\WINDOWS\System32\combase.dll
0x00007ffe0d610000 - 0x00007ffe0d68a000 	C:\WINDOWS\System32\bcryptPrimitives.dll
0x00007ffe0fa70000 - 0x00007ffe0fa9d000 	C:\WINDOWS\System32\IMM32.DLL
0x0000000058f10000 - 0x0000000058fe2000 	C:\Program Files\Java\jre1.8.0_172\bin\msvcr100.dll
0x00000000591c0000 - 0x0000000059a63000 	C:\Program Files\Java\jre1.8.0_172\bin\server\jvm.dll
0x00007ffe0fc40000 - 0x00007ffe0fc48000 	C:\WINDOWS\System32\PSAPI.DLL
0x00007ffe0a500000 - 0x00007ffe0a509000 	C:\WINDOWS\SYSTEM32\WSOCK32.dll
0x00007ffe0e060000 - 0x00007ffe0e0cc000 	C:\WINDOWS\System32\WS2_32.dll
0x00007ffe0a4d0000 - 0x00007ffe0a4f3000 	C:\WINDOWS\SYSTEM32\WINMM.dll
0x00007ffe06980000 - 0x00007ffe0698a000 	C:\WINDOWS\SYSTEM32\VERSION.dll
0x00007ffe0a4a0000 - 0x00007ffe0a4ca000 	C:\WINDOWS\SYSTEM32\WINMMBASE.dll
0x00007ffe0d1b0000 - 0x00007ffe0d1f9000 	C:\WINDOWS\System32\cfgmgr32.dll
0x00000000590d0000 - 0x00000000590df000 	C:\Program Files\Java\jre1.8.0_172\bin\verify.dll
0x00000000590a0000 - 0x00000000590c9000 	C:\Program Files\Java\jre1.8.0_172\bin\java.dll
0x0000000059080000 - 0x0000000059096000 	C:\Program Files\Java\jre1.8.0_172\bin\zip.dll

VM Arguments:
jvm_args: -Dfile.encoding=Cp1252 
java_command: it.unibo.hue.gui.GuiGeneric
java_class_path (initial): C:\Program Files\Java\jre1.8.0_172\lib\resources.jar;C:\Program Files\Java\jre1.8.0_172\lib\rt.jar;C:\Program Files\Java\jre1.8.0_172\lib\jsse.jar;C:\Program Files\Java\jre1.8.0_172\lib\jce.jar;C:\Program Files\Java\jre1.8.0_172\lib\charsets.jar;C:\Program Files\Java\jre1.8.0_172\lib\jfr.jar;C:\Program Files\Java\jre1.8.0_172\lib\ext\access-bridge-64.jar;C:\Program Files\Java\jre1.8.0_172\lib\ext\cldrdata.jar;C:\Program Files\Java\jre1.8.0_172\lib\ext\dnsns.jar;C:\Program Files\Java\jre1.8.0_172\lib\ext\jaccess.jar;C:\Program Files\Java\jre1.8.0_172\lib\ext\jfxrt.jar;C:\Program Files\Java\jre1.8.0_172\lib\ext\localedata.jar;C:\Program Files\Java\jre1.8.0_172\lib\ext\nashorn.jar;C:\Program Files\Java\jre1.8.0_172\lib\ext\sunec.jar;C:\Program Files\Java\jre1.8.0_172\lib\ext\sunjce_provider.jar;C:\Program Files\Java\jre1.8.0_172\lib\ext\sunmscapi.jar;C:\Program Files\Java\jre1.8.0_172\lib\ext\sunpkcs11.jar;C:\Program Files\Java\jre1.8.0_172\lib\ext\zipfs.jar;C:\Users\Federico Livi\project1\HueLamp\bin\main;C:\Users\Federico Livi\project1\HueLamp\bin\default;C:\Users\Federico Livi\.gradle\caches\modules-2\files-2.1\com.typesafe.akka\akka-remote_2.11\2.5.1\ef278caa1b85be533e8e71fad3a7331b93668f55\akka-remote_2.11-2.5.1.jar;C:\Users\Federico Livi\.gradle\caches\modules-2\files-2.1\com.typesafe.akka\akka-stream_2.11\2.5.1\911033fb86dcaf7d122e17b94c6ec104e50b3b56\akka-stream_2.11-2.5.1.jar;C:\Users\Federico Livi\.gradle\caches\modules-2\files-2.1\com.typesafe.akka\akka-actor_2.11\2.5.2\183ccaed9002bfa10628a5df48e7bac6f1c03f7b\akka-actor_2.11-2.5.2.jar;C:\Users\Federico Livi\.gradle\caches\modules-2\files-2.1\org.json\json\20160810\aca5eb39e2a12fddd6c472b240afe9ebea3a6733\json-20160810.jar;C:\Users\Federico Livi\.gradle\caches\modules-2\files-2.1\org.apache.httpcomponents\httpclient\4.5\a1e6cbb3cc2c5f210dd1310ff9fcb2c09c0d1438\httpclient-4.5.jar;C:\Users\Federico Livi\.gradle\caches\modules-2\files-2.1\org.scala-lang.modules\scala-java8-compat_2.
Launcher Type: SUN_STANDARD

Environment Variables:
PATH=C:/Program Files/Java/jre1.8.0_172/bin/server;C:/Program Files/Java/jre1.8.0_172/bin;C:/Program Files/Java/jre1.8.0_172/lib/amd64;C:\Program Files (x86)\Common Files\Oracle\Java\javapath;C:\Program Files (x86)\NVIDIA Corporation\PhysX\Common;C:\WINDOWS\system32;C:\WINDOWS;C:\WINDOWS\System32\Wbem;C:\WINDOWS\System32\WindowsPowerShell\v1.0\;C:\WINDOWS\system32\config\systemprofile\.dnx\bin;C:\Program Files\Microsoft DNX\Dnvm\;C:\Program Files\Microsoft SQL Server\130\Tools\Binn\;C:\Program Files (x86)\Skype\Phone\;C:\Program Files (x86)\ATI Technologies\ATI.ACE\Core-Static;C:\Program Files\nodejs\;C:\WINDOWS\System32\OpenSSH\;C:\Program Files\Microsoft VS Code\bin;C:\Users\Federico Livi\AppData\Local\Microsoft\WindowsApps;C:\Program Files (x86)\Java\jre1.8.0_151;C:\Users\Federico Livi\AppData\Roaming\Dashlane\5.3.1.13504\bin\Firefox_Extension\{442718d9-475e-452a-b3e1-fb1ee16b8e9f}\components;C:\Users\Federico Livi\AppData\Roaming\Dashlane\5.3.1.13504\ucrt;C:\Gradle\gradle-4.7\bin;C:\Users\Federico Livi\AppData\Roaming\npm;C:\Users\Federico Livi\AppData\Local\Programs\MiKTeX 2.9\miktex\bin\x64\;;C:\Program Files\Microsoft VS Code\bin;C:\Program Files (x86)\eclipse;
USERNAME=Federico Livi
OS=Windows_NT
PROCESSOR_IDENTIFIER=Intel64 Family 6 Model 42 Stepping 7, GenuineIntel



---------------  S Y S T E M  ---------------

OS: Windows 10.0 , 64 bit Build 17134 (10.0.17134.1)

CPU:total 8 (initial active 8) (4 cores per cpu, 2 threads per core) family 6 model 42 stepping 7, cmov, cx8, fxsr, mmx, sse, sse2, sse3, ssse3, sse4.1, sse4.2, popcnt, avx, aes, clmul, ht, tsc, tscinvbit

Memory: 4k page, physical 8335212k(1322296k free), swap 9383788k(4124k free)

vm_info: Java HotSpot(TM) 64-Bit Server VM (25.172-b11) for windows-amd64 JRE (1.8.0_172-b11), built on Mar 28 2018 21:21:52 by "java_re" with MS VC++ 10.0 (VS2010)

time: Tue Jul 17 17:08:07 2018
elapsed time: 0 seconds (0d 0h 0m 0s)

