#
# There is insufficient memory for the Java Runtime Environment to continue.
# Native memory allocation (malloc) failed to allocate 32744 bytes for ChunkPool::allocate
# Possible reasons:
#   The system is out of physical RAM or swap space
#   In 32 bit mode, the process size limit was hit
# Possible solutions:
#   Reduce memory load on the system
#   Increase physical memory or swap space
#   Check if swap backing store is full
#   Use 64 bit Java on a 64 bit OS
#   Decrease Java heap size (-Xmx/-Xms)
#   Decrease number of Java threads
#   Decrease Java thread stack sizes (-Xss)
#   Set larger code cache with -XX:ReservedCodeCacheSize=
# This output file may be truncated or incomplete.
#
#  Out of Memory Error (allocation.cpp:273), pid=12416, tid=0x0000000000003e30
#
# JRE version: Java(TM) SE Runtime Environment (8.0_172-b11) (build 1.8.0_172-b11)
# Java VM: Java HotSpot(TM) 64-Bit Server VM (25.172-b11 mixed mode windows-amd64 compressed oops)
# Failed to write core dump. Minidumps are not enabled by default on client versions of Windows
#

---------------  T H R E A D  ---------------

Current thread (0x0000000019c8c800):  JavaThread "C2 CompilerThread2" daemon [_thread_in_vm, id=15920, stack(0x000000001a660000,0x000000001a760000)]

Stack: [0x000000001a660000,0x000000001a760000]
[error occurred during error reporting (printing stack bounds), id 0xc0000005]

Native frames: (J=compiled Java code, j=interpreted, Vv=VM code, C=native code)


Current CompileTask:
C2:    256  189       4       jdk.internal.org.objectweb.asm.ByteVector::putUTF8 (142 bytes)


---------------  P R O C E S S  ---------------

Java Threads: ( => current thread )
  0x0000000019d26000 JavaThread "Service Thread" daemon [_thread_blocked, id=15064, stack(0x000000001a860000,0x000000001a960000)]
  0x0000000019c9f800 JavaThread "C1 CompilerThread3" daemon [_thread_in_native, id=5848, stack(0x000000001a760000,0x000000001a860000)]
=>0x0000000019c8c800 JavaThread "C2 CompilerThread2" daemon [_thread_in_vm, id=15920, stack(0x000000001a660000,0x000000001a760000)]
  0x0000000019c8a000 JavaThread "C2 CompilerThread1" daemon [_thread_blocked, id=2008, stack(0x000000001a560000,0x000000001a660000)]
  0x0000000019c81800 JavaThread "C2 CompilerThread0" daemon [_thread_blocked, id=2840, stack(0x000000001a460000,0x000000001a560000)]
  0x0000000019c7c800 JavaThread "Attach Listener" daemon [_thread_blocked, id=2760, stack(0x000000001a360000,0x000000001a460000)]
  0x0000000017d7e800 JavaThread "Signal Dispatcher" daemon [_thread_blocked, id=1892, stack(0x000000001a260000,0x000000001a360000)]
  0x0000000019c70800 JavaThread "Finalizer" daemon [_thread_blocked, id=6404, stack(0x000000001a050000,0x000000001a150000)]
  0x0000000002d6a000 JavaThread "Reference Handler" daemon [_thread_blocked, id=15556, stack(0x0000000019b50000,0x0000000019c50000)]
  0x0000000002c73800 JavaThread "main" [_thread_in_vm, id=12776, stack(0x0000000002b70000,0x0000000002c70000)]

Other Threads:
  0x0000000017d69800 VMThread [stack: 0x0000000019a50000,0x0000000019b50000] [id=2828]
  0x0000000019d3f800 WatcherThread [stack: 0x000000001a960000,0x000000001aa60000] [id=14992]

VM state:not at safepoint (normal execution)

VM Mutex/Monitor currently owned by a thread: None

Heap:
 PSYoungGen      total 38400K, used 2678K [0x00000000d5980000, 0x00000000d8400000, 0x0000000100000000)
  eden space 33280K, 8% used [0x00000000d5980000,0x00000000d5c1d9b8,0x00000000d7a00000)
  from space 5120K, 0% used [0x00000000d7f00000,0x00000000d7f00000,0x00000000d8400000)
  to   space 5120K, 0% used [0x00000000d7a00000,0x00000000d7a00000,0x00000000d7f00000)
 ParOldGen       total 87552K, used 0K [0x0000000080c00000, 0x0000000086180000, 0x00000000d5980000)
  object space 87552K, 0% used [0x0000000080c00000,0x0000000080c00000,0x0000000086180000)
 Metaspace       used 3846K, capacity 4638K, committed 4864K, reserved 1056768K
  class space    used 436K, capacity 482K, committed 512K, reserved 1048576K

Card table byte_map: [0x0000000012130000,0x0000000012530000] byte_map_base: 0x0000000011d2a000

Marking Bits: (ParMarkBitMap*) 0x00000000599e3c10
 Begin Bits: [0x0000000012fe0000, 0x0000000014fb0000)
 End Bits:   [0x0000000014fb0000, 0x0000000016f80000)

Polling page: 0x0000000001130000

CodeCache: size=245760Kb used=1334Kb max_used=1336Kb free=244425Kb
 bounds [0x0000000002d70000, 0x0000000002fe0000, 0x0000000011d70000]
 total_blobs=439 nmethods=184 adapters=168
 compilation: enabled

Compilation events (10 events):
Event: 0.244 Thread 0x0000000019c9f800 nmethod 168 0x0000000002eba690 code [0x0000000002eba7e0, 0x0000000002eba8f0]
Event: 0.245 Thread 0x0000000019c9f800  170       3       java.lang.invoke.LambdaForm$NamedFunction::methodType (23 bytes)
Event: 0.245 Thread 0x0000000019c9f800 nmethod 170 0x0000000002ebaad0 code [0x0000000002ebac40, 0x0000000002ebaf28]
Event: 0.245 Thread 0x0000000019c9f800  171       3       jdk.internal.org.objectweb.asm.ClassWriter::addType (39 bytes)
Event: 0.245 Thread 0x0000000019c81800 nmethod 161 0x0000000002ebdf50 code [0x0000000002ebe0a0, 0x0000000002ebe258]
Event: 0.246 Thread 0x0000000019c9f800 nmethod 171 0x0000000002ebd810 code [0x0000000002ebd9a0, 0x0000000002ebdc88]
Event: 0.246 Thread 0x0000000019c9f800  174       3       java.lang.invoke.MethodType::makeImpl (66 bytes)
Event: 0.247 Thread 0x0000000019c9f800 nmethod 174 0x0000000002ebc910 code [0x0000000002ebcb00, 0x0000000002ebd368]
Event: 0.247 Thread 0x0000000019c9f800  176       3       jdk.internal.org.objectweb.asm.Frame::execute (2252 bytes)
Event: 0.254 Thread 0x0000000019c8c800  189       4       jdk.internal.org.objectweb.asm.ByteVector::putUTF8 (142 bytes)

GC Heap History (0 events):
No events

Deoptimization events (0 events):
No events

Classes redefined (0 events):
No events

Internal exceptions (8 events):
Event: 0.042 Thread 0x0000000002c73800 Exception <a 'java/lang/NoSuchMethodError': Method sun.misc.Unsafe.defineClass(Ljava/lang/String;[BII)Ljava/lang/Class; name or signature does not match> (0x00000000d5987cb0) thrown at [C:\re\workspace\8-2-build-windows-amd64-cygwin\jdk8u172\10810\hotspot
Event: 0.042 Thread 0x0000000002c73800 Exception <a 'java/lang/NoSuchMethodError': Method sun.misc.Unsafe.prefetchRead(Ljava/lang/Object;J)V name or signature does not match> (0x00000000d5987f98) thrown at [C:\re\workspace\8-2-build-windows-amd64-cygwin\jdk8u172\10810\hotspot\src\share\vm\prim
Event: 0.189 Thread 0x0000000002c73800 Exception <a 'java/security/PrivilegedActionException'> (0x00000000d5ada478) thrown at [C:\re\workspace\8-2-build-windows-amd64-cygwin\jdk8u172\10810\hotspot\src\share\vm\prims\jvm.cpp, line 1435]
Event: 0.189 Thread 0x0000000002c73800 Exception <a 'java/security/PrivilegedActionException'> (0x00000000d5ada688) thrown at [C:\re\workspace\8-2-build-windows-amd64-cygwin\jdk8u172\10810\hotspot\src\share\vm\prims\jvm.cpp, line 1435]
Event: 0.190 Thread 0x0000000002c73800 Exception <a 'java/security/PrivilegedActionException'> (0x00000000d5ade2f8) thrown at [C:\re\workspace\8-2-build-windows-amd64-cygwin\jdk8u172\10810\hotspot\src\share\vm\prims\jvm.cpp, line 1435]
Event: 0.190 Thread 0x0000000002c73800 Exception <a 'java/security/PrivilegedActionException'> (0x00000000d5ade508) thrown at [C:\re\workspace\8-2-build-windows-amd64-cygwin\jdk8u172\10810\hotspot\src\share\vm\prims\jvm.cpp, line 1435]
Event: 0.197 Thread 0x0000000002c73800 Exception <a 'java/io/FileNotFoundException'> (0x00000000d5ae0fd0) thrown at [C:\re\workspace\8-2-build-windows-amd64-cygwin\jdk8u172\10810\hotspot\src\share\vm\prims\jni.cpp, line 709]
Event: 0.252 Thread 0x0000000002c73800 Exception <a 'java/lang/NoSuchFieldError': method resolution failed> (0x00000000d5bb1cc8) thrown at [C:\re\workspace\8-2-build-windows-amd64-cygwin\jdk8u172\10810\hotspot\src\share\vm\prims\methodHandles.cpp, line 1167]

Events (10 events):
Event: 0.231 loading class java/lang/invoke/WrongMethodTypeException
Event: 0.231 loading class java/lang/invoke/WrongMethodTypeException done
Event: 0.234 loading class java/lang/invoke/MethodHandleImpl$Lazy
Event: 0.234 loading class java/lang/invoke/MethodHandleImpl$Lazy done
Event: 0.235 loading class java/lang/invoke/MethodHandleImpl$IntrinsicMethodHandle
Event: 0.235 loading class java/lang/invoke/MethodHandleImpl$IntrinsicMethodHandle done
Event: 0.252 loading class java/lang/NoSuchFieldError
Event: 0.252 loading class java/lang/NoSuchFieldError done
Event: 0.253 loading class java/lang/IllegalAccessException
Event: 0.253 loading class java/lang/IllegalAccessException done


Dynamic libraries:
0x00007ff64f580000 - 0x00007ff64f5b7000 	C:\Program Files\Java\jre1.8.0_172\bin\javaw.exe
0x00007ffe10200000 - 0x00007ffe103e1000 	C:\WINDOWS\SYSTEM32\ntdll.dll
0x00007ffde0110000 - 0x00007ffde0144000 	C:\Program Files\AVAST Software\Avast\x64\aswhooka.dll
0x00007ffe0dfa0000 - 0x00007ffe0e052000 	C:\WINDOWS\System32\KERNEL32.DLL
0x00007ffe0ced0000 - 0x00007ffe0d143000 	C:\WINDOWS\System32\KERNELBASE.dll
0x00007ffe0e0d0000 - 0x00007ffe0e171000 	C:\WINDOWS\System32\ADVAPI32.dll
0x00007ffe0d6a0000 - 0x00007ffe0d73e000 	C:\WINDOWS\System32\msvcrt.dll
0x00007ffe10170000 - 0x00007ffe101cb000 	C:\WINDOWS\System32\sechost.dll
0x00007ffe0fb10000 - 0x00007ffe0fc34000 	C:\WINDOWS\System32\RPCRT4.dll
0x00007ffe0ffe0000 - 0x00007ffe10170000 	C:\WINDOWS\System32\USER32.dll
0x00007ffe0d3b0000 - 0x00007ffe0d3d0000 	C:\WINDOWS\System32\win32u.dll
0x00007ffe0e3e0000 - 0x00007ffe0e408000 	C:\WINDOWS\System32\GDI32.dll
0x00007ffe0d470000 - 0x00007ffe0d602000 	C:\WINDOWS\System32\gdi32full.dll
0x00007ffe0d3d0000 - 0x00007ffe0d46f000 	C:\WINDOWS\System32\msvcp_win.dll
0x00007ffe0d2b0000 - 0x00007ffe0d3aa000 	C:\WINDOWS\System32\ucrtbase.dll
0x00007ffdfbd60000 - 0x00007ffdfbfc9000 	C:\WINDOWS\WinSxS\amd64_microsoft.windows.common-controls_6595b64144ccf1df_6.0.17134.165_none_fb429645306569ac\COMCTL32.dll
0x00007ffe0fcb0000 - 0x00007ffe0ffd3000 	C:\WINDOWS\System32\combase.dll
0x00007ffe0d610000 - 0x00007ffe0d68a000 	C:\WINDOWS\System32\bcryptPrimitives.dll
0x00007ffe0fa70000 - 0x00007ffe0fa9d000 	C:\WINDOWS\System32\IMM32.DLL
0x0000000058f10000 - 0x0000000058fe2000 	C:\Program Files\Java\jre1.8.0_172\bin\msvcr100.dll
0x00000000591c0000 - 0x0000000059a63000 	C:\Program Files\Java\jre1.8.0_172\bin\server\jvm.dll
0x00007ffe0fc40000 - 0x00007ffe0fc48000 	C:\WINDOWS\System32\PSAPI.DLL
0x00007ffe0a500000 - 0x00007ffe0a509000 	C:\WINDOWS\SYSTEM32\WSOCK32.dll
0x00007ffe0e060000 - 0x00007ffe0e0cc000 	C:\WINDOWS\System32\WS2_32.dll
0x00007ffe0a4d0000 - 0x00007ffe0a4f3000 	C:\WINDOWS\SYSTEM32\WINMM.dll
0x00007ffe06980000 - 0x00007ffe0698a000 	C:\WINDOWS\SYSTEM32\VERSION.dll
0x00007ffe0a4a0000 - 0x00007ffe0a4ca000 	C:\WINDOWS\SYSTEM32\WINMMBASE.dll
0x00007ffe0d1b0000 - 0x00007ffe0d1f9000 	C:\WINDOWS\System32\cfgmgr32.dll
0x00000000590d0000 - 0x00000000590df000 	C:\Program Files\Java\jre1.8.0_172\bin\verify.dll
0x00000000590a0000 - 0x00000000590c9000 	C:\Program Files\Java\jre1.8.0_172\bin\java.dll
0x0000000059080000 - 0x0000000059096000 	C:\Program Files\Java\jre1.8.0_172\bin\zip.dll
0x00007ffe0e5b0000 - 0x00007ffe0f9f0000 	C:\WINDOWS\System32\SHELL32.dll
0x00007ffe0dd70000 - 0x00007ffe0de19000 	C:\WINDOWS\System32\shcore.dll
0x00007ffe0c5d0000 - 0x00007ffe0ccdd000 	C:\WINDOWS\System32\windows.storage.dll
0x00007ffe0fab0000 - 0x00007ffe0fb01000 	C:\WINDOWS\System32\shlwapi.dll
0x00007ffe0c590000 - 0x00007ffe0c5a1000 	C:\WINDOWS\System32\kernel.appcore.dll
0x00007ffe0c5b0000 - 0x00007ffe0c5cf000 	C:\WINDOWS\System32\profapi.dll
0x00007ffe0c510000 - 0x00007ffe0c55c000 	C:\WINDOWS\System32\powrprof.dll
0x00007ffe0c580000 - 0x00007ffe0c58a000 	C:\WINDOWS\System32\FLTLIB.DLL
0x0000000058830000 - 0x00000000589c9000 	C:\Program Files\Java\jre1.8.0_172\bin\awt.dll
0x00007ffe0e180000 - 0x00007ffe0e242000 	C:\WINDOWS\System32\OLEAUT32.dll
0x00007ffe0a5c0000 - 0x00007ffe0a64b000 	C:\WINDOWS\SYSTEM32\apphelp.dll

VM Arguments:
jvm_args: -Dfile.encoding=Cp1252 
java_command: it.unibo.hue.gui.GuiGeneric
java_class_path (initial): C:\Program Files\Java\jre1.8.0_172\lib\resources.jar;C:\Program Files\Java\jre1.8.0_172\lib\rt.jar;C:\Program Files\Java\jre1.8.0_172\lib\jsse.jar;C:\Program Files\Java\jre1.8.0_172\lib\jce.jar;C:\Program Files\Java\jre1.8.0_172\lib\charsets.jar;C:\Program Files\Java\jre1.8.0_172\lib\jfr.jar;C:\Program Files\Java\jre1.8.0_172\lib\ext\access-bridge-64.jar;C:\Program Files\Java\jre1.8.0_172\lib\ext\cldrdata.jar;C:\Program Files\Java\jre1.8.0_172\lib\ext\dnsns.jar;C:\Program Files\Java\jre1.8.0_172\lib\ext\jaccess.jar;C:\Program Files\Java\jre1.8.0_172\lib\ext\jfxrt.jar;C:\Program Files\Java\jre1.8.0_172\lib\ext\localedata.jar;C:\Program Files\Java\jre1.8.0_172\lib\ext\nashorn.jar;C:\Program Files\Java\jre1.8.0_172\lib\ext\sunec.jar;C:\Program Files\Java\jre1.8.0_172\lib\ext\sunjce_provider.jar;C:\Program Files\Java\jre1.8.0_172\lib\ext\sunmscapi.jar;C:\Program Files\Java\jre1.8.0_172\lib\ext\sunpkcs11.jar;C:\Program Files\Java\jre1.8.0_172\lib\ext\zipfs.jar;C:\Users\Federico Livi\project1\HueLamp\bin\main;C:\Users\Federico Livi\project1\HueLamp\bin\default;C:\Users\Federico Livi\.gradle\caches\modules-2\files-2.1\com.typesafe.akka\akka-remote_2.11\2.5.1\ef278caa1b85be533e8e71fad3a7331b93668f55\akka-remote_2.11-2.5.1.jar;C:\Users\Federico Livi\.gradle\caches\modules-2\files-2.1\com.typesafe.akka\akka-stream_2.11\2.5.1\911033fb86dcaf7d122e17b94c6ec104e50b3b56\akka-stream_2.11-2.5.1.jar;C:\Users\Federico Livi\.gradle\caches\modules-2\files-2.1\com.typesafe.akka\akka-actor_2.11\2.5.2\183ccaed9002bfa10628a5df48e7bac6f1c03f7b\akka-actor_2.11-2.5.2.jar;C:\Users\Federico Livi\.gradle\caches\modules-2\files-2.1\org.json\json\20160810\aca5eb39e2a12fddd6c472b240afe9ebea3a6733\json-20160810.jar;C:\Users\Federico Livi\.gradle\caches\modules-2\files-2.1\org.apache.httpcomponents\httpclient\4.5\a1e6cbb3cc2c5f210dd1310ff9fcb2c09c0d1438\httpclient-4.5.jar;C:\Users\Federico Livi\.gradle\caches\modules-2\files-2.1\org.scala-lang.modules\scala-java8-compat_2.
Launcher Type: SUN_STANDARD

Environment Variables:
PATH=C:/Program Files/Java/jre1.8.0_172/bin/server;C:/Program Files/Java/jre1.8.0_172/bin;C:/Program Files/Java/jre1.8.0_172/lib/amd64;C:\Program Files (x86)\Common Files\Oracle\Java\javapath;C:\Program Files (x86)\NVIDIA Corporation\PhysX\Common;C:\WINDOWS\system32;C:\WINDOWS;C:\WINDOWS\System32\Wbem;C:\WINDOWS\System32\WindowsPowerShell\v1.0\;C:\WINDOWS\system32\config\systemprofile\.dnx\bin;C:\Program Files\Microsoft DNX\Dnvm\;C:\Program Files\Microsoft SQL Server\130\Tools\Binn\;C:\Program Files (x86)\Skype\Phone\;C:\Program Files (x86)\ATI Technologies\ATI.ACE\Core-Static;C:\Program Files\nodejs\;C:\WINDOWS\System32\OpenSSH\;C:\Program Files\Microsoft VS Code\bin;C:\Users\Federico Livi\AppData\Local\Microsoft\WindowsApps;C:\Program Files (x86)\Java\jre1.8.0_151;C:\Users\Federico Livi\AppData\Roaming\Dashlane\5.3.1.13504\bin\Firefox_Extension\{442718d9-475e-452a-b3e1-fb1ee16b8e9f}\components;C:\Users\Federico Livi\AppData\Roaming\Dashlane\5.3.1.13504\ucrt;C:\Gradle\gradle-4.7\bin;C:\Users\Federico Livi\AppData\Roaming\npm;C:\Users\Federico Livi\AppData\Local\Programs\MiKTeX 2.9\miktex\bin\x64\;;C:\Program Files\Microsoft VS Code\bin;C:\Program Files (x86)\eclipse;
USERNAME=Federico Livi
OS=Windows_NT
PROCESSOR_IDENTIFIER=Intel64 Family 6 Model 42 Stepping 7, GenuineIntel



---------------  S Y S T E M  ---------------

OS: Windows 10.0 , 64 bit Build 17134 (10.0.17134.1)

CPU:total 8 (initial active 8) (4 cores per cpu, 2 threads per core) family 6 model 42 stepping 7, cmov, cx8, fxsr, mmx, sse, sse2, sse3, ssse3, sse4.1, sse4.2, popcnt, avx, aes, clmul, ht, tsc, tscinvbit

Memory: 4k page, physical 8335212k(1323012k free), swap 9383788k(4116k free)

vm_info: Java HotSpot(TM) 64-Bit Server VM (25.172-b11) for windows-amd64 JRE (1.8.0_172-b11), built on Mar 28 2018 21:21:52 by "java_re" with MS VC++ 10.0 (VS2010)

time: Tue Jul 17 17:08:00 2018
elapsed time: 0 seconds (0d 0h 0m 0s)

