#
# There is insufficient memory for the Java Runtime Environment to continue.
# Native memory allocation (malloc) failed to allocate 1048576 bytes for AllocateHeap
# Possible reasons:
#   The system is out of physical RAM or swap space
#   In 32 bit mode, the process size limit was hit
# Possible solutions:
#   Reduce memory load on the system
#   Increase physical memory or swap space
#   Check if swap backing store is full
#   Use 64 bit Java on a 64 bit OS
#   Decrease Java heap size (-Xmx/-Xms)
#   Decrease number of Java threads
#   Decrease Java thread stack sizes (-Xss)
#   Set larger code cache with -XX:ReservedCodeCacheSize=
# This output file may be truncated or incomplete.
#
#  Out of Memory Error (memory/allocation.inline.hpp:61), pid=1196, tid=0x0000000000003674
#
# JRE version:  (8.0_172-b11) (build )
# Java VM: Java HotSpot(TM) 64-Bit Server VM (25.172-b11 mixed mode windows-amd64 compressed oops)
# Failed to write core dump. Minidumps are not enabled by default on client versions of Windows
#

---------------  T H R E A D  ---------------

Current thread (0x000000000229e800):  JavaThread "Unknown thread" [_thread_in_vm, id=13940, stack(0x00000000020f0000,0x00000000021f0000)]

Stack: [0x00000000020f0000,0x00000000021f0000]
[error occurred during error reporting (printing stack bounds), id 0xc0000005]

Native frames: (J=compiled Java code, j=interpreted, Vv=VM code, C=native code)


---------------  P R O C E S S  ---------------

Java Threads: ( => current thread )

Other Threads:

=>0x000000000229e800 (exited) JavaThread "Unknown thread" [_thread_in_vm, id=13940, stack(0x00000000020f0000,0x00000000021f0000)]

VM state:not at safepoint (normal execution)

VM Mutex/Monitor currently owned by a thread: None

Heap:
 PSYoungGen      total 38400K, used 665K [0x00000000d5980000, 0x00000000d8400000, 0x0000000100000000)
  eden space 33280K, 2% used [0x00000000d5980000,0x00000000d5a26670,0x00000000d7a00000)
  from space 5120K, 0% used [0x00000000d7f00000,0x00000000d7f00000,0x00000000d8400000)
  to   space 5120K, 0% used [0x00000000d7a00000,0x00000000d7a00000,0x00000000d7f00000)
 ParOldGen       total 87552K, used 0K [0x0000000080c00000, 0x0000000086180000, 0x00000000d5980000)
  object space 87552K, 0% used [0x0000000080c00000,0x0000000080c00000,0x0000000086180000)
 Metaspace       used 751K, capacity 4480K, committed 4480K, reserved 1056768K
  class space    used 76K, capacity 384K, committed 384K, reserved 1048576K

Card table byte_map: [0x0000000011760000,0x0000000011b60000] byte_map_base: 0x000000001135a000

Marking Bits: (ParMarkBitMap*) 0x0000000056863c10
 Begin Bits: [0x0000000012610000, 0x00000000145e0000)
 End Bits:   [0x00000000145e0000, 0x00000000165b0000)

Polling page: 0x00000000005d0000

CodeCache: size=245760Kb used=328Kb max_used=328Kb free=245431Kb
 bounds [0x00000000023a0000, 0x0000000002610000, 0x00000000113a0000]
 total_blobs=58 nmethods=0 adapters=38
 compilation: enabled

Compilation events (0 events):
No events

GC Heap History (0 events):
No events

Deoptimization events (0 events):
No events

Classes redefined (0 events):
No events

Internal exceptions (0 events):
No events

Events (10 events):
Event: 0.029 loading class java/lang/Short
Event: 0.029 loading class java/lang/Short done
Event: 0.029 loading class java/lang/Integer
Event: 0.029 loading class java/lang/Integer done
Event: 0.029 loading class java/lang/Long
Event: 0.029 loading class java/lang/Long done
Event: 0.030 loading class java/lang/NullPointerException
Event: 0.030 loading class java/lang/NullPointerException done
Event: 0.030 loading class java/lang/ArithmeticException
Event: 0.030 loading class java/lang/ArithmeticException done


Dynamic libraries:
0x00007ff669a60000 - 0x00007ff669a97000 	C:\Program Files\Java\jre1.8.0_172\bin\javaw.exe
0x00007ffbd74d0000 - 0x00007ffbd76b1000 	C:\WINDOWS\SYSTEM32\ntdll.dll
0x00007ffbb87f0000 - 0x00007ffbb8824000 	C:\Program Files\AVAST Software\Avast\x64\aswhooka.dll
0x00007ffbd73e0000 - 0x00007ffbd7492000 	C:\WINDOWS\System32\KERNEL32.DLL
0x00007ffbd46e0000 - 0x00007ffbd4953000 	C:\WINDOWS\System32\KERNELBASE.dll
0x00007ffbd5620000 - 0x00007ffbd56c1000 	C:\WINDOWS\System32\ADVAPI32.dll
0x00007ffbd4ca0000 - 0x00007ffbd4d3e000 	C:\WINDOWS\System32\msvcrt.dll
0x00007ffbd4d40000 - 0x00007ffbd4d9b000 	C:\WINDOWS\System32\sechost.dll
0x00007ffbd54f0000 - 0x00007ffbd5614000 	C:\WINDOWS\System32\RPCRT4.dll
0x00007ffbd4ae0000 - 0x00007ffbd4c70000 	C:\WINDOWS\System32\USER32.dll
0x00007ffbd45c0000 - 0x00007ffbd45e0000 	C:\WINDOWS\System32\win32u.dll
0x00007ffbd4c70000 - 0x00007ffbd4c98000 	C:\WINDOWS\System32\GDI32.dll
0x00007ffbd40d0000 - 0x00007ffbd4262000 	C:\WINDOWS\System32\gdi32full.dll
0x00007ffbd38a0000 - 0x00007ffbd393f000 	C:\WINDOWS\System32\msvcp_win.dll
0x00007ffbd45e0000 - 0x00007ffbd46da000 	C:\WINDOWS\System32\ucrtbase.dll
0x00007ffbbfc10000 - 0x00007ffbbfe79000 	C:\WINDOWS\WinSxS\amd64_microsoft.windows.common-controls_6595b64144ccf1df_6.0.17134.165_none_fb429645306569ac\COMCTL32.dll
0x00007ffbd4e30000 - 0x00007ffbd5153000 	C:\WINDOWS\System32\combase.dll
0x00007ffbd3940000 - 0x00007ffbd39ba000 	C:\WINDOWS\System32\bcryptPrimitives.dll
0x00007ffbd4da0000 - 0x00007ffbd4dcd000 	C:\WINDOWS\System32\IMM32.DLL
0x0000000055de0000 - 0x0000000055eb2000 	C:\Program Files\Java\jre1.8.0_172\bin\msvcr100.dll
0x0000000056040000 - 0x00000000568e3000 	C:\Program Files\Java\jre1.8.0_172\bin\server\jvm.dll
0x00007ffbd5160000 - 0x00007ffbd5168000 	C:\WINDOWS\System32\PSAPI.DLL
0x00007ffbce110000 - 0x00007ffbce119000 	C:\WINDOWS\SYSTEM32\WSOCK32.dll
0x00007ffbd7370000 - 0x00007ffbd73dc000 	C:\WINDOWS\System32\WS2_32.dll
0x00007ffbd17a0000 - 0x00007ffbd17c3000 	C:\WINDOWS\SYSTEM32\WINMM.dll
0x00007ffbcdbd0000 - 0x00007ffbcdbda000 	C:\WINDOWS\SYSTEM32\VERSION.dll
0x00007ffbd1770000 - 0x00007ffbd179a000 	C:\WINDOWS\SYSTEM32\WINMMBASE.dll
0x00007ffbd4460000 - 0x00007ffbd44a9000 	C:\WINDOWS\System32\cfgmgr32.dll
0x0000000056c90000 - 0x0000000056c9f000 	C:\Program Files\Java\jre1.8.0_172\bin\verify.dll
0x0000000055f30000 - 0x0000000055f59000 	C:\Program Files\Java\jre1.8.0_172\bin\java.dll
0x0000000056c70000 - 0x0000000056c86000 	C:\Program Files\Java\jre1.8.0_172\bin\zip.dll

VM Arguments:
jvm_args: -Dfile.encoding=Cp1252 
java_command: it.unibo.ppcr.server.Server
java_class_path (initial): C:\Program Files\Java\jre1.8.0_172\lib\resources.jar;C:\Program Files\Java\jre1.8.0_172\lib\rt.jar;C:\Program Files\Java\jre1.8.0_172\lib\jsse.jar;C:\Program Files\Java\jre1.8.0_172\lib\jce.jar;C:\Program Files\Java\jre1.8.0_172\lib\charsets.jar;C:\Program Files\Java\jre1.8.0_172\lib\jfr.jar;C:\Program Files\Java\jre1.8.0_172\lib\ext\access-bridge-64.jar;C:\Program Files\Java\jre1.8.0_172\lib\ext\cldrdata.jar;C:\Program Files\Java\jre1.8.0_172\lib\ext\dnsns.jar;C:\Program Files\Java\jre1.8.0_172\lib\ext\jaccess.jar;C:\Program Files\Java\jre1.8.0_172\lib\ext\jfxrt.jar;C:\Program Files\Java\jre1.8.0_172\lib\ext\localedata.jar;C:\Program Files\Java\jre1.8.0_172\lib\ext\nashorn.jar;C:\Program Files\Java\jre1.8.0_172\lib\ext\sunec.jar;C:\Program Files\Java\jre1.8.0_172\lib\ext\sunjce_provider.jar;C:\Program Files\Java\jre1.8.0_172\lib\ext\sunmscapi.jar;C:\Program Files\Java\jre1.8.0_172\lib\ext\sunpkcs11.jar;C:\Program Files\Java\jre1.8.0_172\lib\ext\zipfs.jar;C:\Users\Federico Livi\project1\Mind\bin
Launcher Type: SUN_STANDARD

Environment Variables:
PATH=C:/Program Files/Java/jre1.8.0_172/bin/server;C:/Program Files/Java/jre1.8.0_172/bin;C:/Program Files/Java/jre1.8.0_172/lib/amd64;C:\Program Files (x86)\Common Files\Oracle\Java\javapath;C:\Program Files (x86)\NVIDIA Corporation\PhysX\Common;C:\WINDOWS\system32;C:\WINDOWS;C:\WINDOWS\System32\Wbem;C:\WINDOWS\System32\WindowsPowerShell\v1.0\;C:\Users\Federico Livi\.dnx\bin;C:\Program Files\Microsoft DNX\Dnvm\;C:\Program Files\Microsoft SQL Server\130\Tools\Binn\;C:\Program Files (x86)\Skype\Phone\;C:\Program Files (x86)\ATI Technologies\ATI.ACE\Core-Static;C:\Program Files\nodejs\;C:\WINDOWS\System32\OpenSSH\;C:\Program Files\Microsoft VS Code\bin;C:\Users\Federico Livi\AppData\Local\Microsoft\WindowsApps;C:\Program Files (x86)\Java\jre1.8.0_151;C:\Users\Federico Livi\AppData\Roaming\Dashlane\5.3.1.13504\bin\Firefox_Extension\{442718d9-475e-452a-b3e1-fb1ee16b8e9f}\components;C:\Users\Federico Livi\AppData\Roaming\Dashlane\5.3.1.13504\ucrt;C:\Gradle\gradle-4.7\bin;C:\Users\Federico Livi\AppData\Roaming\npm;C:\Users\Federico Livi\AppData\Local\Programs\MiKTeX 2.9\miktex\bin\x64\;;C:\Program Files\Microsoft VS Code\bin;C:\Program Files (x86)\eclipse;
USERNAME=Federico Livi
OS=Windows_NT
PROCESSOR_IDENTIFIER=Intel64 Family 6 Model 42 Stepping 7, GenuineIntel



---------------  S Y S T E M  ---------------

OS: Windows 10.0 , 64 bit Build 17134 (10.0.17134.1)

CPU:total 8 (initial active 8) (4 cores per cpu, 2 threads per core) family 6 model 42 stepping 7, cmov, cx8, fxsr, mmx, sse, sse2, sse3, ssse3, sse4.1, sse4.2, popcnt, avx, aes, clmul, ht, tsc, tscinvbit

Memory: 4k page, physical 8335212k(2075608k free), swap 9383788k(6144k free)

vm_info: Java HotSpot(TM) 64-Bit Server VM (25.172-b11) for windows-amd64 JRE (1.8.0_172-b11), built on Mar 28 2018 21:21:52 by "java_re" with MS VC++ 10.0 (VS2010)

time: Wed Aug 08 17:47:56 2018
elapsed time: 0 seconds (0d 0h 0m 0s)

