#
# There is insufficient memory for the Java Runtime Environment to continue.
# Native memory allocation (malloc) failed to allocate 1048576 bytes for AllocateHeap
# Possible reasons:
#   The system is out of physical RAM or swap space
#   In 32 bit mode, the process size limit was hit
# Possible solutions:
#   Reduce memory load on the system
#   Increase physical memory or swap space
#   Check if swap backing store is full
#   Use 64 bit Java on a 64 bit OS
#   Decrease Java heap size (-Xmx/-Xms)
#   Decrease number of Java threads
#   Decrease Java thread stack sizes (-Xss)
#   Set larger code cache with -XX:ReservedCodeCacheSize=
# This output file may be truncated or incomplete.
#
#  Out of Memory Error (memory/allocation.inline.hpp:61), pid=5720, tid=0x0000000000002730
#
# JRE version:  (8.0_181-b13) (build )
# Java VM: Java HotSpot(TM) 64-Bit Server VM (25.181-b13 mixed mode windows-amd64 compressed oops)
# Failed to write core dump. Minidumps are not enabled by default on client versions of Windows
#

---------------  T H R E A D  ---------------

Current thread (0x0000000002463800):  JavaThread "Unknown thread" [_thread_in_vm, id=10032, stack(0x0000000002360000,0x0000000002460000)]

Stack: [0x0000000002360000,0x0000000002460000]
[error occurred during error reporting (printing stack bounds), id 0xc0000005]

Native frames: (J=compiled Java code, j=interpreted, Vv=VM code, C=native code)


---------------  P R O C E S S  ---------------

Java Threads: ( => current thread )

Other Threads:

=>0x0000000002463800 (exited) JavaThread "Unknown thread" [_thread_in_vm, id=10032, stack(0x0000000002360000,0x0000000002460000)]

VM state:not at safepoint (normal execution)

VM Mutex/Monitor currently owned by a thread: None

Heap:
 PSYoungGen      total 38400K, used 665K [0x00000000d5980000, 0x00000000d8400000, 0x0000000100000000)
  eden space 33280K, 2% used [0x00000000d5980000,0x00000000d5a26670,0x00000000d7a00000)
  from space 5120K, 0% used [0x00000000d7f00000,0x00000000d7f00000,0x00000000d8400000)
  to   space 5120K, 0% used [0x00000000d7a00000,0x00000000d7a00000,0x00000000d7f00000)
 ParOldGen       total 87552K, used 0K [0x0000000080c00000, 0x0000000086180000, 0x00000000d5980000)
  object space 87552K, 0% used [0x0000000080c00000,0x0000000080c00000,0x0000000086180000)
 Metaspace       used 761K, capacity 4480K, committed 4480K, reserved 1056768K
  class space    used 76K, capacity 384K, committed 384K, reserved 1048576K

Card table byte_map: [0x0000000011920000,0x0000000011d20000] byte_map_base: 0x000000001151a000

Marking Bits: (ParMarkBitMap*) 0x0000000063d62d00
 Begin Bits: [0x00000000127d0000, 0x00000000147a0000)
 End Bits:   [0x00000000147a0000, 0x0000000016770000)

Polling page: 0x00000000009d0000

CodeCache: size=245760Kb used=328Kb max_used=328Kb free=245431Kb
 bounds [0x0000000002560000, 0x00000000027d0000, 0x0000000011560000]
 total_blobs=58 nmethods=0 adapters=38
 compilation: enabled

Compilation events (0 events):
No events

GC Heap History (0 events):
No events

Deoptimization events (0 events):
No events

Classes redefined (0 events):
No events

Internal exceptions (0 events):
No events

Events (10 events):
Event: 0.037 loading class java/lang/Short
Event: 0.037 loading class java/lang/Short done
Event: 0.037 loading class java/lang/Integer
Event: 0.037 loading class java/lang/Integer done
Event: 0.037 loading class java/lang/Long
Event: 0.037 loading class java/lang/Long done
Event: 0.038 loading class java/lang/NullPointerException
Event: 0.038 loading class java/lang/NullPointerException done
Event: 0.038 loading class java/lang/ArithmeticException
Event: 0.038 loading class java/lang/ArithmeticException done


Dynamic libraries:
0x00007ff665ee0000 - 0x00007ff665f17000 	C:\Program Files\Java\jre1.8.0_181\bin\javaw.exe
0x00007fff75f20000 - 0x00007fff76101000 	C:\WINDOWS\SYSTEM32\ntdll.dll
0x00007fff48d00000 - 0x00007fff48d34000 	C:\Program Files\AVAST Software\Avast\x64\aswhooka.dll
0x00007fff75940000 - 0x00007fff759f2000 	C:\WINDOWS\System32\KERNEL32.DLL
0x00007fff73130000 - 0x00007fff733a3000 	C:\WINDOWS\System32\KERNELBASE.dll
0x00007fff74f60000 - 0x00007fff75001000 	C:\WINDOWS\System32\ADVAPI32.dll
0x00007fff74ba0000 - 0x00007fff74c3e000 	C:\WINDOWS\System32\msvcrt.dll
0x00007fff74f00000 - 0x00007fff74f5b000 	C:\WINDOWS\System32\sechost.dll
0x00007fff74dd0000 - 0x00007fff74ef4000 	C:\WINDOWS\System32\RPCRT4.dll
0x00007fff75010000 - 0x00007fff751a0000 	C:\WINDOWS\System32\USER32.dll
0x00007fff72540000 - 0x00007fff72560000 	C:\WINDOWS\System32\win32u.dll
0x00007fff74da0000 - 0x00007fff74dc8000 	C:\WINDOWS\System32\GDI32.dll
0x00007fff72660000 - 0x00007fff727f2000 	C:\WINDOWS\System32\gdi32full.dll
0x00007fff72880000 - 0x00007fff7291f000 	C:\WINDOWS\System32\msvcp_win.dll
0x00007fff73030000 - 0x00007fff7312a000 	C:\WINDOWS\System32\ucrtbase.dll
0x00007fff63590000 - 0x00007fff637f9000 	C:\WINDOWS\WinSxS\amd64_microsoft.windows.common-controls_6595b64144ccf1df_6.0.17134.228_none_fb4599993062b194\COMCTL32.dll
0x00007fff75ba0000 - 0x00007fff75ec3000 	C:\WINDOWS\System32\combase.dll
0x00007fff72800000 - 0x00007fff7287a000 	C:\WINDOWS\System32\bcryptPrimitives.dll
0x00007fff75220000 - 0x00007fff7524d000 	C:\WINDOWS\System32\IMM32.DLL
0x00000000632a0000 - 0x0000000063372000 	C:\Program Files\Java\jre1.8.0_181\bin\msvcr100.dll
0x0000000063540000 - 0x0000000063de2000 	C:\Program Files\Java\jre1.8.0_181\bin\server\jvm.dll
0x00007fff75210000 - 0x00007fff75218000 	C:\WINDOWS\System32\PSAPI.DLL
0x00007fff62c50000 - 0x00007fff62c59000 	C:\WINDOWS\SYSTEM32\WSOCK32.dll
0x00007fff74980000 - 0x00007fff749ec000 	C:\WINDOWS\System32\WS2_32.dll
0x00007fff701f0000 - 0x00007fff70213000 	C:\WINDOWS\SYSTEM32\WINMM.dll
0x00007fff6cb60000 - 0x00007fff6cb6a000 	C:\WINDOWS\SYSTEM32\VERSION.dll
0x00007fff701c0000 - 0x00007fff701ea000 	C:\WINDOWS\SYSTEM32\WINMMBASE.dll
0x00007fff72560000 - 0x00007fff725a9000 	C:\WINDOWS\System32\cfgmgr32.dll
0x0000000063450000 - 0x000000006345f000 	C:\Program Files\Java\jre1.8.0_181\bin\verify.dll
0x0000000063420000 - 0x0000000063449000 	C:\Program Files\Java\jre1.8.0_181\bin\java.dll
0x0000000063260000 - 0x0000000063295000 	C:\Program Files\Java\jre1.8.0_181\bin\jdwp.dll
0x0000000063250000 - 0x0000000063258000 	C:\Program Files\Java\jre1.8.0_181\bin\npt.dll
0x0000000063400000 - 0x0000000063416000 	C:\Program Files\Java\jre1.8.0_181\bin\zip.dll

VM Arguments:
jvm_args: -agentlib:jdwp=transport=dt_socket,suspend=y,address=localhost:50407 -Dfile.encoding=Cp1252 
java_command: com.ai.ppcr.ottima.TestPPCROttima
java_class_path (initial): C:\Program Files\Java\jre1.8.0_181\lib\resources.jar;C:\Program Files\Java\jre1.8.0_181\lib\rt.jar;C:\Program Files\Java\jre1.8.0_181\lib\jsse.jar;C:\Program Files\Java\jre1.8.0_181\lib\jce.jar;C:\Program Files\Java\jre1.8.0_181\lib\charsets.jar;C:\Program Files\Java\jre1.8.0_181\lib\jfr.jar;C:\Program Files\Java\jre1.8.0_181\lib\ext\access-bridge-64.jar;C:\Program Files\Java\jre1.8.0_181\lib\ext\cldrdata.jar;C:\Program Files\Java\jre1.8.0_181\lib\ext\dnsns.jar;C:\Program Files\Java\jre1.8.0_181\lib\ext\jaccess.jar;C:\Program Files\Java\jre1.8.0_181\lib\ext\jfxrt.jar;C:\Program Files\Java\jre1.8.0_181\lib\ext\localedata.jar;C:\Program Files\Java\jre1.8.0_181\lib\ext\nashorn.jar;C:\Program Files\Java\jre1.8.0_181\lib\ext\sunec.jar;C:\Program Files\Java\jre1.8.0_181\lib\ext\sunjce_provider.jar;C:\Program Files\Java\jre1.8.0_181\lib\ext\sunmscapi.jar;C:\Program Files\Java\jre1.8.0_181\lib\ext\sunpkcs11.jar;C:\Program Files\Java\jre1.8.0_181\lib\ext\zipfs.jar;C:\Users\Federico Livi\project1\PPCR classic\bin;C:\Users\Federico Livi\Desktop\Libs\Dipendenze\json-20160810.jar
Launcher Type: SUN_STANDARD

Environment Variables:
PATH=C:/Program Files/Java/jre1.8.0_181/bin/server;C:/Program Files/Java/jre1.8.0_181/bin;C:/Program Files/Java/jre1.8.0_181/lib/amd64;C:\Program Files (x86)\Common Files\Oracle\Java\javapath;C:\Program Files (x86)\NVIDIA Corporation\PhysX\Common;C:\WINDOWS\system32;C:\WINDOWS;C:\WINDOWS\System32\Wbem;C:\WINDOWS\System32\WindowsPowerShell\v1.0\;C:\WINDOWS\system32\config\systemprofile\.dnx\bin;C:\Program Files\Microsoft DNX\Dnvm\;C:\Program Files\Microsoft SQL Server\130\Tools\Binn\;C:\Program Files (x86)\Skype\Phone\;C:\Program Files (x86)\ATI Technologies\ATI.ACE\Core-Static;C:\Program Files\nodejs\;C:\WINDOWS\System32\OpenSSH\;C:\Program Files\Microsoft VS Code\bin;C:\Users\Federico Livi\AppData\Local\Microsoft\WindowsApps;C:\Program Files (x86)\Java\jre1.8.0_151;C:\Users\Federico Livi\AppData\Roaming\Dashlane\5.3.1.13504\bin\Firefox_Extension\{442718d9-475e-452a-b3e1-fb1ee16b8e9f}\components;C:\Users\Federico Livi\AppData\Roaming\Dashlane\5.3.1.13504\ucrt;C:\Gradle\gradle-4.7\bin;C:\Users\Federico Livi\AppData\Roaming\npm;C:\Users\Federico Livi\AppData\Local\Programs\MiKTeX 2.9\miktex\bin\x64\;C:\Program Files\Microsoft VS Code\bin;C:\Users\Federico Livi\AppData\Local\GitHubDesktop\bin;C:\Program Files (x86)\eclipse;
USERNAME=Federico Livi
OS=Windows_NT
PROCESSOR_IDENTIFIER=Intel64 Family 6 Model 42 Stepping 7, GenuineIntel



---------------  S Y S T E M  ---------------

OS: Windows 10.0 , 64 bit Build 17134 (10.0.17134.1)

CPU:total 8 (initial active 8) (4 cores per cpu, 2 threads per core) family 6 model 42 stepping 7, cmov, cx8, fxsr, mmx, sse, sse2, sse3, ssse3, sse4.1, sse4.2, popcnt, avx, aes, clmul, ht, tsc, tscinvbit

Memory: 4k page, physical 8335212k(2054764k free), swap 9383788k(5632k free)

vm_info: Java HotSpot(TM) 64-Bit Server VM (25.181-b13) for windows-amd64 JRE (1.8.0_181-b13), built on Jul  7 2018 04:01:33 by "java_re" with MS VC++ 10.0 (VS2010)

time: Tue Aug 21 16:14:40 2018
elapsed time: 0 seconds (0d 0h 0m 0s)

